Flow report for vga
Mon May 01 17:00:27 2023
Quartus II 32-bit Version 13.0.1 Build 232 06/12/2013 Service Pack 1 SJ Web Edition


---------------------
; Table of Contents ;
---------------------
  1. Legal Notice
  2. Flow Summary
  3. Flow Settings
  4. Flow Non-Default Global Settings
  5. Flow Elapsed Time
  6. Flow OS Summary
  7. Flow Log
  8. Flow Messages
  9. Flow Suppressed Messages



----------------
; Legal Notice ;
----------------
Copyright (C) 1991-2013 Altera Corporation
Your use of Altera Corporation's design tools, logic functions 
and other software and tools, and its AMPP partner logic 
functions, and any output files from any of the foregoing 
(including device programming or simulation files), and any 
associated documentation or information are expressly subject 
to the terms and conditions of the Altera Program License 
Subscription Agreement, Altera MegaCore Function License 
Agreement, or other applicable license agreement, including, 
without limitation, that your use is for the sole purpose of 
programming logic devices manufactured by Altera and sold by 
Altera or its authorized distributors.  Please refer to the 
applicable agreement for further details.



+--------------------------------------------------------------------------------------+
; Flow Summary                                                                         ;
+------------------------------------+-------------------------------------------------+
; Flow Status                        ; Successful - Mon May 01 17:00:26 2023           ;
; Quartus II 32-bit Version          ; 13.0.1 Build 232 06/12/2013 SP 1 SJ Web Edition ;
; Revision Name                      ; vga                                             ;
; Top-level Entity Name              ; vga                                             ;
; Family                             ; Cyclone II                                      ;
; Device                             ; EP2C20F484C7                                    ;
; Timing Models                      ; Final                                           ;
; Total logic elements               ; 477 / 18,752 ( 3 % )                            ;
;     Total combinational functions  ; 473 / 18,752 ( 3 % )                            ;
;     Dedicated logic registers      ; 89 / 18,752 ( < 1 % )                           ;
; Total registers                    ; 89                                              ;
; Total pins                         ; 22 / 315 ( 7 % )                                ;
; Total virtual pins                 ; 0                                               ;
; Total memory bits                  ; 0 / 239,616 ( 0 % )                             ;
; Embedded Multiplier 9-bit elements ; 0 / 52 ( 0 % )                                  ;
; Total PLLs                         ; 1 / 4 ( 25 % )                                  ;
+------------------------------------+-------------------------------------------------+


+-----------------------------------------+
; Flow Settings                           ;
+-------------------+---------------------+
; Option            ; Setting             ;
+-------------------+---------------------+
; Start date & time ; 05/01/2023 17:00:19 ;
; Main task         ; Compilation         ;
; Revision Name     ; vga                 ;
+-------------------+---------------------+


+-----------------------------------------------------------------------------------------------------------------------------------------+
; Flow Non-Default Global Settings                                                                                                        ;
+-------------------------------------+-------------------------------------------------------+---------------+--------------+------------+
; Assignment Name                     ; Value                                                 ; Default Value ; Entity Name  ; Section Id ;
+-------------------------------------+-------------------------------------------------------+---------------+--------------+------------+
; COMPILER_SIGNATURE_ID               ; 80160637791362.168298561921780                        ; --            ; --           ; --         ;
; IP_TOOL_ENV                         ; Qsys                                                  ; --            ; PLL          ; --         ;
; IP_TOOL_ENV                         ; Qsys                                                  ; --            ; PLL_altpll_0 ; --         ;
; IP_TOOL_NAME                        ; Qsys                                                  ; --            ; PLL          ; --         ;
; IP_TOOL_NAME                        ; altpll                                                ; --            ; PLL_altpll_0 ; --         ;
; IP_TOOL_VERSION                     ; 13.0sp1                                               ; --            ; PLL          ; --         ;
; IP_TOOL_VERSION                     ; 13.0                                                  ; --            ; PLL_altpll_0 ; --         ;
; MAX_CORE_JUNCTION_TEMP              ; 85                                                    ; --            ; --           ; --         ;
; MIN_CORE_JUNCTION_TEMP              ; 0                                                     ; --            ; --           ; --         ;
; MISC_FILE                           ; PLL/synthesis/../../PLL.cmp                           ; --            ; --           ; --         ;
; MISC_FILE                           ; PLL/synthesis/../../PLL.qsys                          ; --            ; --           ; --         ;
; PARTITION_COLOR                     ; 16764057                                              ; --            ; --           ; Top        ;
; PARTITION_FITTER_PRESERVATION_LEVEL ; PLACEMENT_AND_ROUTING                                 ; --            ; --           ; Top        ;
; PARTITION_NETLIST_TYPE              ; SOURCE                                                ; --            ; --           ; Top        ;
; POWER_BOARD_THERMAL_MODEL           ; None (CONSERVATIVE)                                   ; --            ; --           ; --         ;
; POWER_PRESET_COOLING_SOLUTION       ; 23 MM HEAT SINK WITH 200 LFPM AIRFLOW                 ; --            ; --           ; --         ;
; PROJECT_OUTPUT_DIRECTORY            ; output_files                                          ; --            ; --           ; --         ;
; SLD_INFO                            ; QSYS_NAME PLL HAS_SOPCINFO 1 GENERATION_ID 1678492684 ; --            ; PLL          ; --         ;
; SOPCINFO_FILE                       ; PLL/synthesis/../../PLL.sopcinfo                      ; --            ; --           ; --         ;
; SYNTHESIS_ONLY_QIP                  ; On                                                    ; --            ; --           ; --         ;
+-------------------------------------+-------------------------------------------------------+---------------+--------------+------------+


+-------------------------------------------------------------------------------------------------------------------------------+
; Flow Elapsed Time                                                                                                             ;
+---------------------------+--------------+-------------------------+---------------------+------------------------------------+
; Module Name               ; Elapsed Time ; Average Processors Used ; Peak Virtual Memory ; Total CPU Time (on all processors) ;
+---------------------------+--------------+-------------------------+---------------------+------------------------------------+
; Analysis & Synthesis      ; 00:00:01     ; 1.0                     ; 397 MB              ; 00:00:01                           ;
; Fitter                    ; 00:00:03     ; 1.0                     ; 468 MB              ; 00:00:03                           ;
; Assembler                 ; 00:00:01     ; 1.0                     ; 362 MB              ; 00:00:01                           ;
; TimeQuest Timing Analyzer ; 00:00:00     ; 1.0                     ; 323 MB              ; 00:00:00                           ;
; Total                     ; 00:00:05     ; --                      ; --                  ; 00:00:05                           ;
+---------------------------+--------------+-------------------------+---------------------+------------------------------------+


+----------------------------------------------------------------------------------------+
; Flow OS Summary                                                                        ;
+---------------------------+------------------+-----------+------------+----------------+
; Module Name               ; Machine Hostname ; OS Name   ; OS Version ; Processor type ;
+---------------------------+------------------+-----------+------------+----------------+
; Analysis & Synthesis      ; gaikwadabhishek  ; Windows 7 ; 6.2        ; x86_64         ;
; Fitter                    ; gaikwadabhishek  ; Windows 7 ; 6.2        ; x86_64         ;
; Assembler                 ; gaikwadabhishek  ; Windows 7 ; 6.2        ; x86_64         ;
; TimeQuest Timing Analyzer ; gaikwadabhishek  ; Windows 7 ; 6.2        ; x86_64         ;
+---------------------------+------------------+-----------+------------+----------------+


------------
; Flow Log ;
------------
quartus_map --read_settings_files=on --write_settings_files=off vga -c vga
quartus_fit --read_settings_files=off --write_settings_files=off vga -c vga
quartus_asm --read_settings_files=off --write_settings_files=off vga -c vga
quartus_sta vga -c vga



